<?xml version="1.0" encoding="UTF-8"?>
<coverage generated="1714335045912" clover="3.2.0">
  <project timestamp="1714335045912" name="All files">
    <metrics statements="66" coveredstatements="61" conditionals="30" coveredconditionals="21" methods="12" coveredmethods="12" elements="108" coveredelements="94" complexity="0" loc="66" ncloc="66" packages="8" files="18" classes="18"/>
    <package name="services.StorageService">
      <metrics statements="9" coveredstatements="9" conditionals="2" coveredconditionals="2" methods="2" coveredmethods="2"/>
      <file name="Storage.service.ts" path="D:\REACT\adjust-yourself\services\StorageService\Storage.service.ts">
        <metrics statements="9" coveredstatements="9" conditionals="2" coveredconditionals="2" methods="2" coveredmethods="2"/>
        <line num="6" count="3" type="stmt"/>
        <line num="7" count="3" type="stmt"/>
        <line num="9" count="2" type="cond" truecount="2" falsecount="0"/>
        <line num="11" count="1" type="stmt"/>
        <line num="14" count="1" type="stmt"/>
        <line num="16" count="1" type="stmt"/>
        <line num="21" count="2" type="stmt"/>
        <line num="22" count="2" type="stmt"/>
        <line num="24" count="1" type="stmt"/>
      </file>
      <file name="Storage.types.ts" path="D:\REACT\adjust-yourself\services\StorageService\Storage.types.ts">
        <metrics statements="0" coveredstatements="0" conditionals="0" coveredconditionals="0" methods="0" coveredmethods="0"/>
      </file>
    </package>
    <package name="ui-kit.AppAnswerBox">
      <metrics statements="4" coveredstatements="4" conditionals="2" coveredconditionals="2" methods="1" coveredmethods="1"/>
      <file name="AppAnswerBox.component.tsx" path="D:\REACT\adjust-yourself\ui-kit\AppAnswerBox\AppAnswerBox.component.tsx">
        <metrics statements="3" coveredstatements="3" conditionals="2" coveredconditionals="2" methods="1" coveredmethods="1"/>
        <line num="6" count="1" type="stmt"/>
        <line num="7" count="4" type="stmt"/>
        <line num="9" count="4" type="stmt"/>
      </file>
      <file name="AppAnswerBox.style.ts" path="D:\REACT\adjust-yourself\ui-kit\AppAnswerBox\AppAnswerBox.style.ts">
        <metrics statements="1" coveredstatements="1" conditionals="0" coveredconditionals="0" methods="0" coveredmethods="0"/>
        <line num="3" count="1" type="stmt"/>
      </file>
    </package>
    <package name="ui-kit.AppButton">
      <metrics statements="30" coveredstatements="25" conditionals="16" coveredconditionals="9" methods="3" coveredmethods="3"/>
      <file name="AppButton.component.tsx" path="D:\REACT\adjust-yourself\ui-kit\AppButton\AppButton.component.tsx">
        <metrics statements="4" coveredstatements="4" conditionals="4" coveredconditionals="2" methods="2" coveredmethods="2"/>
        <line num="7" count="2" type="stmt"/>
        <line num="8" count="18" type="stmt"/>
        <line num="10" count="18" type="stmt"/>
        <line num="13" count="18" type="stmt"/>
      </file>
      <file name="AppButton.style.ts" path="D:\REACT\adjust-yourself\ui-kit\AppButton\AppButton.style.ts">
        <metrics statements="1" coveredstatements="1" conditionals="0" coveredconditionals="0" methods="0" coveredmethods="0"/>
        <line num="3" count="2" type="stmt"/>
      </file>
      <file name="AppButton.utils.tsx" path="D:\REACT\adjust-yourself\ui-kit\AppButton\AppButton.utils.tsx">
        <metrics statements="25" coveredstatements="20" conditionals="12" coveredconditionals="7" methods="1" coveredmethods="1"/>
        <line num="8" count="2" type="stmt"/>
        <line num="26" count="2" type="stmt"/>
        <line num="39" count="2" type="stmt"/>
        <line num="53" count="2" type="stmt"/>
        <line num="107" count="2" type="stmt"/>
        <line num="121" count="2" type="stmt"/>
        <line num="135" count="2" type="stmt"/>
        <line num="149" count="2" type="stmt"/>
        <line num="167" count="2" type="stmt"/>
        <line num="184" count="2" type="stmt"/>
        <line num="202" count="2" type="stmt"/>
        <line num="231" count="2" type="stmt"/>
        <line num="232" count="25" type="cond" truecount="7" falsecount="5"/>
        <line num="234" count="1" type="stmt"/>
        <line num="236" count="7" type="stmt"/>
        <line num="238" count="1" type="stmt"/>
        <line num="240" count="7" type="stmt"/>
        <line num="242" count="1" type="stmt"/>
        <line num="244" count="1" type="stmt"/>
        <line num="246" count="0" type="stmt"/>
        <line num="248" count="0" type="stmt"/>
        <line num="250" count="0" type="stmt"/>
        <line num="252" count="0" type="stmt"/>
        <line num="254" count="0" type="stmt"/>
        <line num="256" count="7" type="stmt"/>
      </file>
    </package>
    <package name="ui-kit.AppFontRange">
      <metrics statements="4" coveredstatements="4" conditionals="2" coveredconditionals="1" methods="1" coveredmethods="1"/>
      <file name="AppFontRange.component.tsx" path="D:\REACT\adjust-yourself\ui-kit\AppFontRange\AppFontRange.component.tsx">
        <metrics statements="3" coveredstatements="3" conditionals="2" coveredconditionals="1" methods="1" coveredmethods="1"/>
        <line num="8" count="1" type="stmt"/>
        <line num="9" count="4" type="stmt"/>
        <line num="11" count="4" type="stmt"/>
      </file>
      <file name="AppFontRange.style.ts" path="D:\REACT\adjust-yourself\ui-kit\AppFontRange\AppFontRange.style.ts">
        <metrics statements="1" coveredstatements="1" conditionals="0" coveredconditionals="0" methods="0" coveredmethods="0"/>
        <line num="3" count="1" type="stmt"/>
      </file>
    </package>
    <package name="ui-kit.AppHeader">
      <metrics statements="6" coveredstatements="6" conditionals="0" coveredconditionals="0" methods="2" coveredmethods="2"/>
      <file name="AppHeader.component.tsx" path="D:\REACT\adjust-yourself\ui-kit\AppHeader\AppHeader.component.tsx">
        <metrics statements="5" coveredstatements="5" conditionals="0" coveredconditionals="0" methods="2" coveredmethods="2"/>
        <line num="7" count="1" type="stmt"/>
        <line num="8" count="6" type="stmt"/>
        <line num="10" count="6" type="stmt"/>
        <line num="11" count="1" type="stmt"/>
        <line num="14" count="6" type="stmt"/>
      </file>
      <file name="AppHeader.style.ts" path="D:\REACT\adjust-yourself\ui-kit\AppHeader\AppHeader.style.ts">
        <metrics statements="1" coveredstatements="1" conditionals="0" coveredconditionals="0" methods="0" coveredmethods="0"/>
        <line num="3" count="1" type="stmt"/>
      </file>
    </package>
    <package name="ui-kit.AppLayout">
      <metrics statements="4" coveredstatements="4" conditionals="0" coveredconditionals="0" methods="1" coveredmethods="1"/>
      <file name="AppLayout.component.tsx" path="D:\REACT\adjust-yourself\ui-kit\AppLayout\AppLayout.component.tsx">
        <metrics statements="3" coveredstatements="3" conditionals="0" coveredconditionals="0" methods="1" coveredmethods="1"/>
        <line num="6" count="1" type="stmt"/>
        <line num="7" count="3" type="stmt"/>
        <line num="9" count="3" type="stmt"/>
      </file>
      <file name="AppLayout.style.ts" path="D:\REACT\adjust-yourself\ui-kit\AppLayout\AppLayout.style.ts">
        <metrics statements="1" coveredstatements="1" conditionals="0" coveredconditionals="0" methods="0" coveredmethods="0"/>
        <line num="3" count="1" type="stmt"/>
      </file>
    </package>
    <package name="ui-kit.AppLevelBox">
      <metrics statements="5" coveredstatements="5" conditionals="8" coveredconditionals="7" methods="1" coveredmethods="1"/>
      <file name="AppLevelBox.component.tsx" path="D:\REACT\adjust-yourself\ui-kit\AppLevelBox\AppLevelBox.component.tsx">
        <metrics statements="3" coveredstatements="3" conditionals="8" coveredconditionals="7" methods="1" coveredmethods="1"/>
        <line num="8" count="1" type="stmt"/>
        <line num="9" count="2" type="stmt"/>
        <line num="11" count="2" type="stmt"/>
      </file>
      <file name="AppLevelBox.style.ts" path="D:\REACT\adjust-yourself\ui-kit\AppLevelBox\AppLevelBox.style.ts">
        <metrics statements="1" coveredstatements="1" conditionals="0" coveredconditionals="0" methods="0" coveredmethods="0"/>
        <line num="3" count="1" type="stmt"/>
      </file>
      <file name="AppLevelBox.utils.tsx" path="D:\REACT\adjust-yourself\ui-kit\AppLevelBox\AppLevelBox.utils.tsx">
        <metrics statements="1" coveredstatements="1" conditionals="0" coveredconditionals="0" methods="0" coveredmethods="0"/>
        <line num="5" count="1" type="stmt"/>
      </file>
    </package>
    <package name="ui-kit.AppProgressBar">
      <metrics statements="4" coveredstatements="4" conditionals="0" coveredconditionals="0" methods="1" coveredmethods="1"/>
      <file name="AppProgressBar.component.tsx" path="D:\REACT\adjust-yourself\ui-kit\AppProgressBar\AppProgressBar.component.tsx">
        <metrics statements="3" coveredstatements="3" conditionals="0" coveredconditionals="0" methods="1" coveredmethods="1"/>
        <line num="6" count="1" type="stmt"/>
        <line num="7" count="2" type="stmt"/>
        <line num="9" count="2" type="stmt"/>
      </file>
      <file name="AppProgressBar.style.ts" path="D:\REACT\adjust-yourself\ui-kit\AppProgressBar\AppProgressBar.style.ts">
        <metrics statements="1" coveredstatements="1" conditionals="0" coveredconditionals="0" methods="0" coveredmethods="0"/>
        <line num="3" count="1" type="stmt"/>
      </file>
    </package>
  </project>
</coverage>
