{"D:\\REACT\\adjust-yourself\\services\\StorageService\\Storage.service.ts": {"path":"D:\\REACT\\adjust-yourself\\services\\StorageService\\Storage.service.ts","statementMap":{"0":{"start":{"line":6,"column":6},"end":{"line":17,"column":7}},"1":{"start":{"line":7,"column":22},"end":{"line":7,"column":56}},"2":{"start":{"line":9,"column":9},"end":{"line":12,"column":10}},"3":{"start":{"line":11,"column":12},"end":{"line":11,"column":23}},"4":{"start":{"line":14,"column":9},"end":{"line":14,"column":32}},"5":{"start":{"line":16,"column":9},"end":{"line":16,"column":58}},"6":{"start":{"line":21,"column":6},"end":{"line":25,"column":7}},"7":{"start":{"line":22,"column":9},"end":{"line":22,"column":65}},"8":{"start":{"line":24,"column":9},"end":{"line":24,"column":62}}},"fnMap":{"0":{"name":"(anonymous_0)","decl":{"start":{"line":5,"column":3},"end":{"line":5,"column":4}},"loc":{"start":{"line":5,"column":64},"end":{"line":18,"column":4}},"line":5},"1":{"name":"(anonymous_1)","decl":{"start":{"line":20,"column":3},"end":{"line":20,"column":4}},"loc":{"start":{"line":20,"column":67},"end":{"line":26,"column":4}},"line":20}},"branchMap":{"0":{"loc":{"start":{"line":9,"column":9},"end":{"line":12,"column":10}},"type":"if","locations":[{"start":{"line":9,"column":9},"end":{"line":12,"column":10}},{"start":{},"end":{}}],"line":9}},"s":{"0":3,"1":3,"2":2,"3":1,"4":1,"5":1,"6":2,"7":2,"8":1},"f":{"0":3,"1":2},"b":{"0":[1,1]},"_coverageSchema":"1a1c01bbd47fc00a2c39e90264f33305004495a9","hash":"8393477a223a78925f0dccb68afa095cfccd4306"}
,"D:\\REACT\\adjust-yourself\\services\\StorageService\\Storage.types.ts": {"path":"D:\\REACT\\adjust-yourself\\services\\StorageService\\Storage.types.ts","statementMap":{},"fnMap":{},"branchMap":{},"s":{},"f":{},"b":{},"_coverageSchema":"1a1c01bbd47fc00a2c39e90264f33305004495a9","hash":"ef4e2e7155e5ed2909e2b07c5980514401714e2b"}
,"D:\\REACT\\adjust-yourself\\ui-kit\\AppAnswerBox\\AppAnswerBox.component.tsx": {"path":"D:\\REACT\\adjust-yourself\\ui-kit\\AppAnswerBox\\AppAnswerBox.component.tsx","statementMap":{"0":{"start":{"line":6,"column":51},"end":{"line":38,"column":1}},"1":{"start":{"line":7,"column":53},"end":{"line":7,"column":58}},"2":{"start":{"line":9,"column":3},"end":{"line":37,"column":4}}},"fnMap":{"0":{"name":"(anonymous_0)","decl":{"start":{"line":6,"column":51},"end":{"line":6,"column":52}},"loc":{"start":{"line":6,"column":62},"end":{"line":38,"column":1}},"line":6}},"branchMap":{"0":{"loc":{"start":{"line":13,"column":32},"end":{"line":13,"column":65}},"type":"cond-expr","locations":[{"start":{"line":13,"column":44},"end":{"line":13,"column":53}},{"start":{"line":13,"column":56},"end":{"line":13,"column":65}}],"line":13}},"s":{"0":1,"1":4,"2":4},"f":{"0":4},"b":{"0":[3,1]},"_coverageSchema":"1a1c01bbd47fc00a2c39e90264f33305004495a9","hash":"f91e1f1a419b946895a8564d7c35acbfc84440e4"}
,"D:\\REACT\\adjust-yourself\\ui-kit\\AppAnswerBox\\AppAnswerBox.style.ts": {"path":"D:\\REACT\\adjust-yourself\\ui-kit\\AppAnswerBox\\AppAnswerBox.style.ts","statementMap":{"0":{"start":{"line":3,"column":22},"end":{"line":14,"column":2}}},"fnMap":{},"branchMap":{},"s":{"0":1},"f":{},"b":{},"_coverageSchema":"1a1c01bbd47fc00a2c39e90264f33305004495a9","hash":"44b94e280d39e70e782509eec58b90c87a91450a"}
,"D:\\REACT\\adjust-yourself\\ui-kit\\AppButton\\AppButton.component.tsx": {"path":"D:\\REACT\\adjust-yourself\\ui-kit\\AppButton\\AppButton.component.tsx","statementMap":{"0":{"start":{"line":7,"column":45},"end":{"line":29,"column":1}},"1":{"start":{"line":8,"column":66},"end":{"line":8,"column":71}},"2":{"start":{"line":10,"column":3},"end":{"line":28,"column":4}},"3":{"start":{"line":13,"column":33},"end":{"line":23,"column":10}}},"fnMap":{"0":{"name":"(anonymous_0)","decl":{"start":{"line":7,"column":45},"end":{"line":7,"column":46}},"loc":{"start":{"line":7,"column":56},"end":{"line":29,"column":1}},"line":7},"1":{"name":"(anonymous_1)","decl":{"start":{"line":13,"column":16},"end":{"line":13,"column":17}},"loc":{"start":{"line":13,"column":33},"end":{"line":23,"column":10}},"line":13}},"branchMap":{"0":{"loc":{"start":{"line":17,"column":32},"end":{"line":21,"column":30}},"type":"cond-expr","locations":[{"start":{"line":18,"column":20},"end":{"line":18,"column":29}},{"start":{"line":19,"column":20},"end":{"line":21,"column":30}}],"line":17},"1":{"loc":{"start":{"line":19,"column":20},"end":{"line":21,"column":30}},"type":"cond-expr","locations":[{"start":{"line":20,"column":23},"end":{"line":20,"column":37}},{"start":{"line":21,"column":23},"end":{"line":21,"column":30}}],"line":19}},"s":{"0":2,"1":18,"2":18,"3":18},"f":{"0":18,"1":18},"b":{"0":[0,18],"1":[0,18]},"_coverageSchema":"1a1c01bbd47fc00a2c39e90264f33305004495a9","hash":"cd7abe53f035f643f4dd09658710f3139f579c10"}
,"D:\\REACT\\adjust-yourself\\ui-kit\\AppButton\\AppButton.style.ts": {"path":"D:\\REACT\\adjust-yourself\\ui-kit\\AppButton\\AppButton.style.ts","statementMap":{"0":{"start":{"line":3,"column":22},"end":{"line":22,"column":2}}},"fnMap":{},"branchMap":{},"s":{"0":2},"f":{},"b":{},"_coverageSchema":"1a1c01bbd47fc00a2c39e90264f33305004495a9","hash":"d7a5032317990e83e0bf827c3b48d5f0230167d6"}
,"D:\\REACT\\adjust-yourself\\ui-kit\\AppButton\\AppButton.utils.tsx": {"path":"D:\\REACT\\adjust-yourself\\ui-kit\\AppButton\\AppButton.utils.tsx","statementMap":{"0":{"start":{"line":8,"column":3},"end":{"line":22,"column":9}},"1":{"start":{"line":26,"column":3},"end":{"line":35,"column":9}},"2":{"start":{"line":39,"column":3},"end":{"line":49,"column":9}},"3":{"start":{"line":53,"column":3},"end":{"line":103,"column":9}},"4":{"start":{"line":107,"column":3},"end":{"line":117,"column":9}},"5":{"start":{"line":121,"column":3},"end":{"line":131,"column":9}},"6":{"start":{"line":135,"column":3},"end":{"line":145,"column":9}},"7":{"start":{"line":149,"column":3},"end":{"line":163,"column":9}},"8":{"start":{"line":167,"column":3},"end":{"line":180,"column":9}},"9":{"start":{"line":184,"column":3},"end":{"line":198,"column":9}},"10":{"start":{"line":202,"column":3},"end":{"line":228,"column":9}},"11":{"start":{"line":231,"column":26},"end":{"line":267,"column":1}},"12":{"start":{"line":232,"column":3},"end":{"line":266,"column":4}},"13":{"start":{"line":234,"column":9},"end":{"line":234,"column":20}},"14":{"start":{"line":236,"column":9},"end":{"line":236,"column":20}},"15":{"start":{"line":238,"column":9},"end":{"line":238,"column":24}},"16":{"start":{"line":240,"column":9},"end":{"line":240,"column":20}},"17":{"start":{"line":242,"column":9},"end":{"line":242,"column":26}},"18":{"start":{"line":244,"column":9},"end":{"line":244,"column":27}},"19":{"start":{"line":246,"column":9},"end":{"line":246,"column":20}},"20":{"start":{"line":248,"column":9},"end":{"line":248,"column":23}},"21":{"start":{"line":250,"column":9},"end":{"line":250,"column":20}},"22":{"start":{"line":252,"column":9},"end":{"line":252,"column":23}},"23":{"start":{"line":254,"column":9},"end":{"line":254,"column":20}},"24":{"start":{"line":256,"column":9},"end":{"line":265,"column":10}}},"fnMap":{"0":{"name":"(anonymous_0)","decl":{"start":{"line":231,"column":26},"end":{"line":231,"column":27}},"loc":{"start":{"line":231,"column":89},"end":{"line":267,"column":1}},"line":231}},"branchMap":{"0":{"loc":{"start":{"line":232,"column":3},"end":{"line":266,"column":4}},"type":"switch","locations":[{"start":{"line":233,"column":6},"end":{"line":234,"column":20}},{"start":{"line":235,"column":6},"end":{"line":236,"column":20}},{"start":{"line":237,"column":6},"end":{"line":238,"column":24}},{"start":{"line":239,"column":6},"end":{"line":240,"column":20}},{"start":{"line":241,"column":6},"end":{"line":242,"column":26}},{"start":{"line":243,"column":6},"end":{"line":244,"column":27}},{"start":{"line":245,"column":6},"end":{"line":246,"column":20}},{"start":{"line":247,"column":6},"end":{"line":248,"column":23}},{"start":{"line":249,"column":6},"end":{"line":250,"column":20}},{"start":{"line":251,"column":6},"end":{"line":252,"column":23}},{"start":{"line":253,"column":6},"end":{"line":254,"column":20}},{"start":{"line":255,"column":6},"end":{"line":265,"column":10}}],"line":232}},"s":{"0":2,"1":2,"2":2,"3":2,"4":2,"5":2,"6":2,"7":2,"8":2,"9":2,"10":2,"11":2,"12":25,"13":1,"14":7,"15":1,"16":7,"17":1,"18":1,"19":0,"20":0,"21":0,"22":0,"23":0,"24":7},"f":{"0":25},"b":{"0":[1,7,1,7,1,1,0,0,0,0,0,7]},"_coverageSchema":"1a1c01bbd47fc00a2c39e90264f33305004495a9","hash":"aa6c6e2f0e79dd1c900d8c1bbfeb516eb70d33f1"}
,"D:\\REACT\\adjust-yourself\\ui-kit\\AppFontRange\\AppFontRange.component.tsx": {"path":"D:\\REACT\\adjust-yourself\\ui-kit\\AppFontRange\\AppFontRange.component.tsx","statementMap":{"0":{"start":{"line":8,"column":51},"end":{"line":38,"column":1}},"1":{"start":{"line":9,"column":57},"end":{"line":9,"column":62}},"2":{"start":{"line":11,"column":3},"end":{"line":37,"column":4}}},"fnMap":{"0":{"name":"(anonymous_0)","decl":{"start":{"line":8,"column":51},"end":{"line":8,"column":52}},"loc":{"start":{"line":8,"column":62},"end":{"line":38,"column":1}},"line":8}},"branchMap":{"0":{"loc":{"start":{"line":17,"column":25},"end":{"line":17,"column":67}},"type":"cond-expr","locations":[{"start":{"line":17,"column":52},"end":{"line":17,"column":58}},{"start":{"line":17,"column":61},"end":{"line":17,"column":67}}],"line":17}},"s":{"0":1,"1":4,"2":4},"f":{"0":4},"b":{"0":[0,4]},"_coverageSchema":"1a1c01bbd47fc00a2c39e90264f33305004495a9","hash":"db8f79c6956fbca818ee3414618a43c1afa58233"}
,"D:\\REACT\\adjust-yourself\\ui-kit\\AppFontRange\\AppFontRange.style.ts": {"path":"D:\\REACT\\adjust-yourself\\ui-kit\\AppFontRange\\AppFontRange.style.ts","statementMap":{"0":{"start":{"line":3,"column":22},"end":{"line":15,"column":2}}},"fnMap":{},"branchMap":{},"s":{"0":1},"f":{},"b":{},"_coverageSchema":"1a1c01bbd47fc00a2c39e90264f33305004495a9","hash":"6e41fa4818fe42a2788f4521317b8bae0e6faaf0"}
,"D:\\REACT\\adjust-yourself\\ui-kit\\AppHeader\\AppHeader.component.tsx": {"path":"D:\\REACT\\adjust-yourself\\ui-kit\\AppHeader\\AppHeader.component.tsx","statementMap":{"0":{"start":{"line":7,"column":45},"end":{"line":47,"column":1}},"1":{"start":{"line":8,"column":65},"end":{"line":8,"column":70}},"2":{"start":{"line":10,"column":23},"end":{"line":12,"column":4}},"3":{"start":{"line":11,"column":6},"end":{"line":11,"column":33}},"4":{"start":{"line":14,"column":3},"end":{"line":46,"column":4}}},"fnMap":{"0":{"name":"(anonymous_0)","decl":{"start":{"line":7,"column":45},"end":{"line":7,"column":46}},"loc":{"start":{"line":7,"column":56},"end":{"line":47,"column":1}},"line":7},"1":{"name":"(anonymous_1)","decl":{"start":{"line":10,"column":23},"end":{"line":10,"column":24}},"loc":{"start":{"line":10,"column":29},"end":{"line":12,"column":4}},"line":10}},"branchMap":{},"s":{"0":1,"1":6,"2":6,"3":1,"4":6},"f":{"0":6,"1":1},"b":{},"_coverageSchema":"1a1c01bbd47fc00a2c39e90264f33305004495a9","hash":"c2820d11028e36ebe857aebfb2c0b62ff1f28f46"}
,"D:\\REACT\\adjust-yourself\\ui-kit\\AppHeader\\AppHeader.style.ts": {"path":"D:\\REACT\\adjust-yourself\\ui-kit\\AppHeader\\AppHeader.style.ts","statementMap":{"0":{"start":{"line":3,"column":22},"end":{"line":21,"column":2}}},"fnMap":{},"branchMap":{},"s":{"0":1},"f":{},"b":{},"_coverageSchema":"1a1c01bbd47fc00a2c39e90264f33305004495a9","hash":"eba208892f24345cc24e7da650d31be6e1e52405"}
,"D:\\REACT\\adjust-yourself\\ui-kit\\AppLayout\\AppLayout.component.tsx": {"path":"D:\\REACT\\adjust-yourself\\ui-kit\\AppLayout\\AppLayout.component.tsx","statementMap":{"0":{"start":{"line":6,"column":45},"end":{"line":23,"column":1}},"1":{"start":{"line":7,"column":31},"end":{"line":7,"column":36}},"2":{"start":{"line":9,"column":3},"end":{"line":22,"column":4}}},"fnMap":{"0":{"name":"(anonymous_0)","decl":{"start":{"line":6,"column":45},"end":{"line":6,"column":46}},"loc":{"start":{"line":6,"column":56},"end":{"line":23,"column":1}},"line":6}},"branchMap":{},"s":{"0":1,"1":3,"2":3},"f":{"0":3},"b":{},"_coverageSchema":"1a1c01bbd47fc00a2c39e90264f33305004495a9","hash":"da5b5f7795d9680a8eca0ee7b4931457d7e41574"}
,"D:\\REACT\\adjust-yourself\\ui-kit\\AppLayout\\AppLayout.style.ts": {"path":"D:\\REACT\\adjust-yourself\\ui-kit\\AppLayout\\AppLayout.style.ts","statementMap":{"0":{"start":{"line":3,"column":22},"end":{"line":12,"column":2}}},"fnMap":{},"branchMap":{},"s":{"0":1},"f":{},"b":{},"_coverageSchema":"1a1c01bbd47fc00a2c39e90264f33305004495a9","hash":"6689c212a26797e42c50ced7f75a185de7e3d1de"}
,"D:\\REACT\\adjust-yourself\\ui-kit\\AppLevelBox\\AppLevelBox.component.tsx": {"path":"D:\\REACT\\adjust-yourself\\ui-kit\\AppLevelBox\\AppLevelBox.component.tsx","statementMap":{"0":{"start":{"line":8,"column":49},"end":{"line":55,"column":1}},"1":{"start":{"line":9,"column":57},"end":{"line":9,"column":62}},"2":{"start":{"line":11,"column":3},"end":{"line":54,"column":4}}},"fnMap":{"0":{"name":"(anonymous_0)","decl":{"start":{"line":8,"column":49},"end":{"line":8,"column":50}},"loc":{"start":{"line":8,"column":60},"end":{"line":55,"column":1}},"line":8}},"branchMap":{"0":{"loc":{"start":{"line":18,"column":35},"end":{"line":20,"column":36}},"type":"cond-expr","locations":[{"start":{"line":19,"column":23},"end":{"line":19,"column":47}},{"start":{"line":20,"column":23},"end":{"line":20,"column":36}}],"line":18},"1":{"loc":{"start":{"line":29,"column":28},"end":{"line":33,"column":35}},"type":"cond-expr","locations":[{"start":{"line":30,"column":26},"end":{"line":30,"column":32}},{"start":{"line":31,"column":26},"end":{"line":33,"column":35}}],"line":29},"2":{"loc":{"start":{"line":31,"column":26},"end":{"line":33,"column":35}},"type":"cond-expr","locations":[{"start":{"line":32,"column":29},"end":{"line":32,"column":38}},{"start":{"line":33,"column":29},"end":{"line":33,"column":35}}],"line":31},"3":{"loc":{"start":{"line":40,"column":13},"end":{"line":51,"column":13}},"type":"binary-expr","locations":[{"start":{"line":40,"column":13},"end":{"line":40,"column":21}},{"start":{"line":41,"column":15},"end":{"line":50,"column":22}}],"line":40}},"s":{"0":1,"1":2,"2":2},"f":{"0":2},"b":{"0":[1,1],"1":[0,2],"2":[1,1],"3":[2,1]},"_coverageSchema":"1a1c01bbd47fc00a2c39e90264f33305004495a9","hash":"7e066e87a2e04430b999bb357e7687ec1ec8a76d"}
,"D:\\REACT\\adjust-yourself\\ui-kit\\AppLevelBox\\AppLevelBox.style.ts": {"path":"D:\\REACT\\adjust-yourself\\ui-kit\\AppLevelBox\\AppLevelBox.style.ts","statementMap":{"0":{"start":{"line":3,"column":22},"end":{"line":21,"column":2}}},"fnMap":{},"branchMap":{},"s":{"0":1},"f":{},"b":{},"_coverageSchema":"1a1c01bbd47fc00a2c39e90264f33305004495a9","hash":"e2ba20b0d004c4834b6b2d8dcf6b772deacc59d8"}
,"D:\\REACT\\adjust-yourself\\ui-kit\\AppLevelBox\\AppLevelBox.utils.tsx": {"path":"D:\\REACT\\adjust-yourself\\ui-kit\\AppLevelBox\\AppLevelBox.utils.tsx","statementMap":{"0":{"start":{"line":5,"column":3},"end":{"line":20,"column":9}}},"fnMap":{},"branchMap":{},"s":{"0":1},"f":{},"b":{},"_coverageSchema":"1a1c01bbd47fc00a2c39e90264f33305004495a9","hash":"2d8f54b6e559c58cda249afb713cc278225f06fc"}
,"D:\\REACT\\adjust-yourself\\ui-kit\\AppProgressBar\\AppProgressBar.component.tsx": {"path":"D:\\REACT\\adjust-yourself\\ui-kit\\AppProgressBar\\AppProgressBar.component.tsx","statementMap":{"0":{"start":{"line":6,"column":55},"end":{"line":31,"column":1}},"1":{"start":{"line":7,"column":48},"end":{"line":7,"column":53}},"2":{"start":{"line":9,"column":3},"end":{"line":30,"column":4}}},"fnMap":{"0":{"name":"(anonymous_0)","decl":{"start":{"line":6,"column":55},"end":{"line":6,"column":56}},"loc":{"start":{"line":6,"column":66},"end":{"line":31,"column":1}},"line":6}},"branchMap":{},"s":{"0":1,"1":2,"2":2},"f":{"0":2},"b":{},"_coverageSchema":"1a1c01bbd47fc00a2c39e90264f33305004495a9","hash":"8c03e8aa232d30b1848fb32cf1d6181fb712d32e"}
,"D:\\REACT\\adjust-yourself\\ui-kit\\AppProgressBar\\AppProgressBar.style.ts": {"path":"D:\\REACT\\adjust-yourself\\ui-kit\\AppProgressBar\\AppProgressBar.style.ts","statementMap":{"0":{"start":{"line":3,"column":22},"end":{"line":26,"column":2}}},"fnMap":{},"branchMap":{},"s":{"0":1},"f":{},"b":{},"_coverageSchema":"1a1c01bbd47fc00a2c39e90264f33305004495a9","hash":"53cdca8043431604753b6de6430719f265a6b112"}
}
