{"D:\\REACT\\adjust-yourself\\services\\StorageService\\Storage.service.ts": {"path":"D:\\REACT\\adjust-yourself\\services\\StorageService\\Storage.service.ts","statementMap":{"0":{"start":{"line":6,"column":6},"end":{"line":16,"column":7}},"1":{"start":{"line":7,"column":22},"end":{"line":7,"column":56}},"2":{"start":{"line":9,"column":9},"end":{"line":11,"column":10}},"3":{"start":{"line":10,"column":12},"end":{"line":10,"column":49}},"4":{"start":{"line":13,"column":9},"end":{"line":13,"column":32}},"5":{"start":{"line":15,"column":9},"end":{"line":15,"column":58}},"6":{"start":{"line":20,"column":6},"end":{"line":24,"column":7}},"7":{"start":{"line":21,"column":9},"end":{"line":21,"column":65}},"8":{"start":{"line":23,"column":9},"end":{"line":23,"column":62}}},"fnMap":{"0":{"name":"(anonymous_0)","decl":{"start":{"line":5,"column":3},"end":{"line":5,"column":4}},"loc":{"start":{"line":5,"column":57},"end":{"line":17,"column":4}},"line":5},"1":{"name":"(anonymous_1)","decl":{"start":{"line":19,"column":3},"end":{"line":19,"column":4}},"loc":{"start":{"line":19,"column":67},"end":{"line":25,"column":4}},"line":19}},"branchMap":{"0":{"loc":{"start":{"line":9,"column":9},"end":{"line":11,"column":10}},"type":"if","locations":[{"start":{"line":9,"column":9},"end":{"line":11,"column":10}},{"start":{},"end":{}}],"line":9}},"s":{"0":3,"1":3,"2":2,"3":1,"4":1,"5":2,"6":2,"7":2,"8":1},"f":{"0":3,"1":2},"b":{"0":[1,1]},"_coverageSchema":"1a1c01bbd47fc00a2c39e90264f33305004495a9","hash":"cd9b378cdc0ac7c7dd10c502a7da087b188cecdd"}
,"D:\\REACT\\adjust-yourself\\services\\StorageService\\Storage.types.ts": {"path":"D:\\REACT\\adjust-yourself\\services\\StorageService\\Storage.types.ts","statementMap":{},"fnMap":{},"branchMap":{},"s":{},"f":{},"b":{},"_coverageSchema":"1a1c01bbd47fc00a2c39e90264f33305004495a9","hash":"ef4e2e7155e5ed2909e2b07c5980514401714e2b"}
,"D:\\REACT\\adjust-yourself\\ui-kit\\AppAnswerBox\\AppAnswerBox.component.tsx": {"path":"D:\\REACT\\adjust-yourself\\ui-kit\\AppAnswerBox\\AppAnswerBox.component.tsx","statementMap":{"0":{"start":{"line":6,"column":51},"end":{"line":38,"column":1}},"1":{"start":{"line":7,"column":53},"end":{"line":7,"column":58}},"2":{"start":{"line":9,"column":3},"end":{"line":37,"column":4}}},"fnMap":{"0":{"name":"(anonymous_0)","decl":{"start":{"line":6,"column":51},"end":{"line":6,"column":52}},"loc":{"start":{"line":6,"column":62},"end":{"line":38,"column":1}},"line":6}},"branchMap":{"0":{"loc":{"start":{"line":13,"column":32},"end":{"line":13,"column":65}},"type":"cond-expr","locations":[{"start":{"line":13,"column":44},"end":{"line":13,"column":53}},{"start":{"line":13,"column":56},"end":{"line":13,"column":65}}],"line":13}},"s":{"0":1,"1":4,"2":4},"f":{"0":4},"b":{"0":[3,1]},"_coverageSchema":"1a1c01bbd47fc00a2c39e90264f33305004495a9","hash":"f91e1f1a419b946895a8564d7c35acbfc84440e4"}
,"D:\\REACT\\adjust-yourself\\ui-kit\\AppAnswerBox\\AppAnswerBox.style.ts": {"path":"D:\\REACT\\adjust-yourself\\ui-kit\\AppAnswerBox\\AppAnswerBox.style.ts","statementMap":{"0":{"start":{"line":3,"column":22},"end":{"line":14,"column":2}}},"fnMap":{},"branchMap":{},"s":{"0":1},"f":{},"b":{},"_coverageSchema":"1a1c01bbd47fc00a2c39e90264f33305004495a9","hash":"44b94e280d39e70e782509eec58b90c87a91450a"}
,"D:\\REACT\\adjust-yourself\\ui-kit\\AppButton\\AppButton.component.tsx": {"path":"D:\\REACT\\adjust-yourself\\ui-kit\\AppButton\\AppButton.component.tsx","statementMap":{"0":{"start":{"line":7,"column":45},"end":{"line":28,"column":1}},"1":{"start":{"line":8,"column":59},"end":{"line":8,"column":64}},"2":{"start":{"line":10,"column":3},"end":{"line":27,"column":4}},"3":{"start":{"line":13,"column":33},"end":{"line":22,"column":10}}},"fnMap":{"0":{"name":"(anonymous_0)","decl":{"start":{"line":7,"column":45},"end":{"line":7,"column":46}},"loc":{"start":{"line":7,"column":56},"end":{"line":28,"column":1}},"line":7},"1":{"name":"(anonymous_1)","decl":{"start":{"line":13,"column":16},"end":{"line":13,"column":17}},"loc":{"start":{"line":13,"column":33},"end":{"line":22,"column":10}},"line":13}},"branchMap":{"0":{"loc":{"start":{"line":16,"column":32},"end":{"line":20,"column":30}},"type":"cond-expr","locations":[{"start":{"line":17,"column":20},"end":{"line":17,"column":29}},{"start":{"line":18,"column":20},"end":{"line":20,"column":30}}],"line":16},"1":{"loc":{"start":{"line":18,"column":20},"end":{"line":20,"column":30}},"type":"cond-expr","locations":[{"start":{"line":19,"column":23},"end":{"line":19,"column":37}},{"start":{"line":20,"column":23},"end":{"line":20,"column":30}}],"line":18}},"s":{"0":2,"1":18,"2":18,"3":18},"f":{"0":18,"1":18},"b":{"0":[0,18],"1":[0,18]},"_coverageSchema":"1a1c01bbd47fc00a2c39e90264f33305004495a9","hash":"8d90480f1e32edb0af292099e723f362fb1e2a2e"}
,"D:\\REACT\\adjust-yourself\\ui-kit\\AppButton\\AppButton.style.ts": {"path":"D:\\REACT\\adjust-yourself\\ui-kit\\AppButton\\AppButton.style.ts","statementMap":{"0":{"start":{"line":3,"column":22},"end":{"line":19,"column":2}}},"fnMap":{},"branchMap":{},"s":{"0":2},"f":{},"b":{},"_coverageSchema":"1a1c01bbd47fc00a2c39e90264f33305004495a9","hash":"0056a78a5b4ad0e23383a441371f9bedbd96e510"}
,"D:\\REACT\\adjust-yourself\\ui-kit\\AppButton\\AppButton.utils.tsx": {"path":"D:\\REACT\\adjust-yourself\\ui-kit\\AppButton\\AppButton.utils.tsx","statementMap":{"0":{"start":{"line":8,"column":3},"end":{"line":22,"column":9}},"1":{"start":{"line":26,"column":3},"end":{"line":35,"column":9}},"2":{"start":{"line":39,"column":3},"end":{"line":49,"column":9}},"3":{"start":{"line":53,"column":3},"end":{"line":103,"column":9}},"4":{"start":{"line":107,"column":3},"end":{"line":117,"column":9}},"5":{"start":{"line":121,"column":3},"end":{"line":131,"column":9}},"6":{"start":{"line":134,"column":26},"end":{"line":160,"column":1}},"7":{"start":{"line":135,"column":3},"end":{"line":159,"column":4}},"8":{"start":{"line":137,"column":9},"end":{"line":137,"column":20}},"9":{"start":{"line":139,"column":9},"end":{"line":139,"column":20}},"10":{"start":{"line":141,"column":9},"end":{"line":141,"column":24}},"11":{"start":{"line":143,"column":9},"end":{"line":143,"column":20}},"12":{"start":{"line":145,"column":9},"end":{"line":145,"column":26}},"13":{"start":{"line":147,"column":9},"end":{"line":147,"column":27}},"14":{"start":{"line":149,"column":9},"end":{"line":158,"column":10}}},"fnMap":{"0":{"name":"(anonymous_0)","decl":{"start":{"line":134,"column":26},"end":{"line":134,"column":27}},"loc":{"start":{"line":134,"column":89},"end":{"line":160,"column":1}},"line":134}},"branchMap":{"0":{"loc":{"start":{"line":135,"column":3},"end":{"line":159,"column":4}},"type":"switch","locations":[{"start":{"line":136,"column":6},"end":{"line":137,"column":20}},{"start":{"line":138,"column":6},"end":{"line":139,"column":20}},{"start":{"line":140,"column":6},"end":{"line":141,"column":24}},{"start":{"line":142,"column":6},"end":{"line":143,"column":20}},{"start":{"line":144,"column":6},"end":{"line":145,"column":26}},{"start":{"line":146,"column":6},"end":{"line":147,"column":27}},{"start":{"line":148,"column":6},"end":{"line":158,"column":10}}],"line":135}},"s":{"0":2,"1":2,"2":2,"3":2,"4":2,"5":2,"6":2,"7":25,"8":1,"9":7,"10":1,"11":7,"12":1,"13":1,"14":7},"f":{"0":25},"b":{"0":[1,7,1,7,1,1,7]},"_coverageSchema":"1a1c01bbd47fc00a2c39e90264f33305004495a9","hash":"9404dea093dd9fee851f13599200191f37c7bc2c"}
,"D:\\REACT\\adjust-yourself\\ui-kit\\AppFontRange\\AppFontRange.component.tsx": {"path":"D:\\REACT\\adjust-yourself\\ui-kit\\AppFontRange\\AppFontRange.component.tsx","statementMap":{"0":{"start":{"line":7,"column":51},"end":{"line":32,"column":1}},"1":{"start":{"line":8,"column":50},"end":{"line":8,"column":55}},"2":{"start":{"line":10,"column":3},"end":{"line":31,"column":4}}},"fnMap":{"0":{"name":"(anonymous_0)","decl":{"start":{"line":7,"column":51},"end":{"line":7,"column":52}},"loc":{"start":{"line":7,"column":62},"end":{"line":32,"column":1}},"line":7}},"branchMap":{},"s":{"0":1,"1":4,"2":4},"f":{"0":4},"b":{},"_coverageSchema":"1a1c01bbd47fc00a2c39e90264f33305004495a9","hash":"12c2d2eb76fa28f34d6d3144771a9c625113edbe"}
,"D:\\REACT\\adjust-yourself\\ui-kit\\AppFontRange\\AppFontRange.style.ts": {"path":"D:\\REACT\\adjust-yourself\\ui-kit\\AppFontRange\\AppFontRange.style.ts","statementMap":{"0":{"start":{"line":3,"column":22},"end":{"line":15,"column":2}}},"fnMap":{},"branchMap":{},"s":{"0":1},"f":{},"b":{},"_coverageSchema":"1a1c01bbd47fc00a2c39e90264f33305004495a9","hash":"6e41fa4818fe42a2788f4521317b8bae0e6faaf0"}
,"D:\\REACT\\adjust-yourself\\ui-kit\\AppHeader\\AppHeader.component.tsx": {"path":"D:\\REACT\\adjust-yourself\\ui-kit\\AppHeader\\AppHeader.component.tsx","statementMap":{"0":{"start":{"line":7,"column":45},"end":{"line":47,"column":1}},"1":{"start":{"line":8,"column":65},"end":{"line":8,"column":70}},"2":{"start":{"line":10,"column":23},"end":{"line":12,"column":4}},"3":{"start":{"line":11,"column":6},"end":{"line":11,"column":33}},"4":{"start":{"line":14,"column":3},"end":{"line":46,"column":4}}},"fnMap":{"0":{"name":"(anonymous_0)","decl":{"start":{"line":7,"column":45},"end":{"line":7,"column":46}},"loc":{"start":{"line":7,"column":56},"end":{"line":47,"column":1}},"line":7},"1":{"name":"(anonymous_1)","decl":{"start":{"line":10,"column":23},"end":{"line":10,"column":24}},"loc":{"start":{"line":10,"column":29},"end":{"line":12,"column":4}},"line":10}},"branchMap":{},"s":{"0":1,"1":6,"2":6,"3":1,"4":6},"f":{"0":6,"1":1},"b":{},"_coverageSchema":"1a1c01bbd47fc00a2c39e90264f33305004495a9","hash":"c2820d11028e36ebe857aebfb2c0b62ff1f28f46"}
,"D:\\REACT\\adjust-yourself\\ui-kit\\AppHeader\\AppHeader.style.ts": {"path":"D:\\REACT\\adjust-yourself\\ui-kit\\AppHeader\\AppHeader.style.ts","statementMap":{"0":{"start":{"line":3,"column":22},"end":{"line":21,"column":2}}},"fnMap":{},"branchMap":{},"s":{"0":1},"f":{},"b":{},"_coverageSchema":"1a1c01bbd47fc00a2c39e90264f33305004495a9","hash":"eba208892f24345cc24e7da650d31be6e1e52405"}
,"D:\\REACT\\adjust-yourself\\ui-kit\\AppLayout\\AppLayout.component.tsx": {"path":"D:\\REACT\\adjust-yourself\\ui-kit\\AppLayout\\AppLayout.component.tsx","statementMap":{"0":{"start":{"line":6,"column":45},"end":{"line":16,"column":1}},"1":{"start":{"line":7,"column":24},"end":{"line":7,"column":29}},"2":{"start":{"line":9,"column":3},"end":{"line":15,"column":4}}},"fnMap":{"0":{"name":"(anonymous_0)","decl":{"start":{"line":6,"column":45},"end":{"line":6,"column":46}},"loc":{"start":{"line":6,"column":56},"end":{"line":16,"column":1}},"line":6}},"branchMap":{},"s":{"0":1,"1":3,"2":3},"f":{"0":3},"b":{},"_coverageSchema":"1a1c01bbd47fc00a2c39e90264f33305004495a9","hash":"92af9892fd4cfbcba3a258a551b8eb406d3708a3"}
,"D:\\REACT\\adjust-yourself\\ui-kit\\AppLayout\\AppLayout.style.ts": {"path":"D:\\REACT\\adjust-yourself\\ui-kit\\AppLayout\\AppLayout.style.ts","statementMap":{"0":{"start":{"line":3,"column":22},"end":{"line":13,"column":2}}},"fnMap":{},"branchMap":{},"s":{"0":1},"f":{},"b":{},"_coverageSchema":"1a1c01bbd47fc00a2c39e90264f33305004495a9","hash":"78fecd0610324eab560ccb19b619435554524186"}
,"D:\\REACT\\adjust-yourself\\ui-kit\\AppLevelBox\\AppLevelBox.component.tsx": {"path":"D:\\REACT\\adjust-yourself\\ui-kit\\AppLevelBox\\AppLevelBox.component.tsx","statementMap":{"0":{"start":{"line":7,"column":49},"end":{"line":48,"column":1}},"1":{"start":{"line":8,"column":41},"end":{"line":8,"column":46}},"2":{"start":{"line":10,"column":3},"end":{"line":47,"column":4}}},"fnMap":{"0":{"name":"(anonymous_0)","decl":{"start":{"line":7,"column":49},"end":{"line":7,"column":50}},"loc":{"start":{"line":7,"column":60},"end":{"line":48,"column":1}},"line":7}},"branchMap":{"0":{"loc":{"start":{"line":14,"column":32},"end":{"line":16,"column":26}},"type":"cond-expr","locations":[{"start":{"line":15,"column":20},"end":{"line":15,"column":44}},{"start":{"line":16,"column":20},"end":{"line":16,"column":26}}],"line":14},"1":{"loc":{"start":{"line":25,"column":25},"end":{"line":27,"column":29}},"type":"cond-expr","locations":[{"start":{"line":26,"column":23},"end":{"line":26,"column":32}},{"start":{"line":27,"column":23},"end":{"line":27,"column":29}}],"line":25},"2":{"loc":{"start":{"line":34,"column":10},"end":{"line":45,"column":10}},"type":"binary-expr","locations":[{"start":{"line":34,"column":10},"end":{"line":34,"column":18}},{"start":{"line":35,"column":12},"end":{"line":44,"column":19}}],"line":34}},"s":{"0":1,"1":2,"2":2},"f":{"0":2},"b":{"0":[1,1],"1":[1,1],"2":[2,1]},"_coverageSchema":"1a1c01bbd47fc00a2c39e90264f33305004495a9","hash":"61206e5c01dc1d78eb7c7e72fddea1c389c99a2c"}
,"D:\\REACT\\adjust-yourself\\ui-kit\\AppLevelBox\\AppLevelBox.style.ts": {"path":"D:\\REACT\\adjust-yourself\\ui-kit\\AppLevelBox\\AppLevelBox.style.ts","statementMap":{"0":{"start":{"line":3,"column":22},"end":{"line":21,"column":2}}},"fnMap":{},"branchMap":{},"s":{"0":1},"f":{},"b":{},"_coverageSchema":"1a1c01bbd47fc00a2c39e90264f33305004495a9","hash":"e2ba20b0d004c4834b6b2d8dcf6b772deacc59d8"}
,"D:\\REACT\\adjust-yourself\\ui-kit\\AppLevelBox\\AppLevelBox.utils.tsx": {"path":"D:\\REACT\\adjust-yourself\\ui-kit\\AppLevelBox\\AppLevelBox.utils.tsx","statementMap":{"0":{"start":{"line":5,"column":3},"end":{"line":20,"column":9}}},"fnMap":{},"branchMap":{},"s":{"0":1},"f":{},"b":{},"_coverageSchema":"1a1c01bbd47fc00a2c39e90264f33305004495a9","hash":"2d8f54b6e559c58cda249afb713cc278225f06fc"}
,"D:\\REACT\\adjust-yourself\\ui-kit\\AppProgressBar\\AppProgressBar.component.tsx": {"path":"D:\\REACT\\adjust-yourself\\ui-kit\\AppProgressBar\\AppProgressBar.component.tsx","statementMap":{"0":{"start":{"line":6,"column":55},"end":{"line":31,"column":1}},"1":{"start":{"line":7,"column":41},"end":{"line":7,"column":46}},"2":{"start":{"line":9,"column":3},"end":{"line":30,"column":4}}},"fnMap":{"0":{"name":"(anonymous_0)","decl":{"start":{"line":6,"column":55},"end":{"line":6,"column":56}},"loc":{"start":{"line":6,"column":66},"end":{"line":31,"column":1}},"line":6}},"branchMap":{},"s":{"0":1,"1":2,"2":2},"f":{"0":2},"b":{},"_coverageSchema":"1a1c01bbd47fc00a2c39e90264f33305004495a9","hash":"633878f0931332c3af963d8fe00d1866ec7802cd"}
,"D:\\REACT\\adjust-yourself\\ui-kit\\AppProgressBar\\AppProgressBar.style.ts": {"path":"D:\\REACT\\adjust-yourself\\ui-kit\\AppProgressBar\\AppProgressBar.style.ts","statementMap":{"0":{"start":{"line":3,"column":22},"end":{"line":23,"column":2}}},"fnMap":{},"branchMap":{},"s":{"0":1},"f":{},"b":{},"_coverageSchema":"1a1c01bbd47fc00a2c39e90264f33305004495a9","hash":"7fb52e57d46c8e7a11890a3b44cd64c2ed937322"}
}
