TN:
SF:services\StorageService\Storage.service.ts
FN:5,(anonymous_0)
FN:19,(anonymous_1)
FNF:2
FNH:2
FNDA:3,(anonymous_0)
FNDA:2,(anonymous_1)
DA:6,3
DA:7,3
DA:9,2
DA:10,1
DA:13,1
DA:15,2
DA:20,2
DA:21,2
DA:23,1
LF:9
LH:9
BRDA:9,0,0,1
BRDA:9,0,1,1
BRF:2
BRH:2
end_of_record
TN:
SF:services\StorageService\Storage.types.ts
FNF:0
FNH:0
LF:0
LH:0
BRF:0
BRH:0
end_of_record
TN:
SF:ui-kit\AppAnswerBox\AppAnswerBox.component.tsx
FN:6,(anonymous_0)
FNF:1
FNH:1
FNDA:4,(anonymous_0)
DA:6,1
DA:7,4
DA:9,4
LF:3
LH:3
BRDA:13,0,0,3
BRDA:13,0,1,1
BRF:2
BRH:2
end_of_record
TN:
SF:ui-kit\AppAnswerBox\AppAnswerBox.style.ts
FNF:0
FNH:0
DA:3,1
LF:1
LH:1
BRF:0
BRH:0
end_of_record
TN:
SF:ui-kit\AppButton\AppButton.component.tsx
FN:7,(anonymous_0)
FN:13,(anonymous_1)
FNF:2
FNH:2
FNDA:18,(anonymous_0)
FNDA:18,(anonymous_1)
DA:7,2
DA:8,18
DA:10,18
DA:13,18
LF:4
LH:4
BRDA:16,0,0,0
BRDA:16,0,1,18
BRDA:18,1,0,0
BRDA:18,1,1,18
BRF:4
BRH:2
end_of_record
TN:
SF:ui-kit\AppButton\AppButton.style.ts
FNF:0
FNH:0
DA:3,2
LF:1
LH:1
BRF:0
BRH:0
end_of_record
TN:
SF:ui-kit\AppButton\AppButton.utils.tsx
FN:134,(anonymous_0)
FNF:1
FNH:1
FNDA:25,(anonymous_0)
DA:8,2
DA:26,2
DA:39,2
DA:53,2
DA:107,2
DA:121,2
DA:134,2
DA:135,25
DA:137,1
DA:139,7
DA:141,1
DA:143,7
DA:145,1
DA:147,1
DA:149,7
LF:15
LH:15
BRDA:135,0,0,1
BRDA:135,0,1,7
BRDA:135,0,2,1
BRDA:135,0,3,7
BRDA:135,0,4,1
BRDA:135,0,5,1
BRDA:135,0,6,7
BRF:7
BRH:7
end_of_record
TN:
SF:ui-kit\AppFontRange\AppFontRange.component.tsx
FN:7,(anonymous_0)
FNF:1
FNH:1
FNDA:4,(anonymous_0)
DA:7,1
DA:8,4
DA:10,4
LF:3
LH:3
BRF:0
BRH:0
end_of_record
TN:
SF:ui-kit\AppFontRange\AppFontRange.style.ts
FNF:0
FNH:0
DA:3,1
LF:1
LH:1
BRF:0
BRH:0
end_of_record
TN:
SF:ui-kit\AppHeader\AppHeader.component.tsx
FN:7,(anonymous_0)
FN:10,(anonymous_1)
FNF:2
FNH:2
FNDA:6,(anonymous_0)
FNDA:1,(anonymous_1)
DA:7,1
DA:8,6
DA:10,6
DA:11,1
DA:14,6
LF:5
LH:5
BRF:0
BRH:0
end_of_record
TN:
SF:ui-kit\AppHeader\AppHeader.style.ts
FNF:0
FNH:0
DA:3,1
LF:1
LH:1
BRF:0
BRH:0
end_of_record
TN:
SF:ui-kit\AppLayout\AppLayout.component.tsx
FN:6,(anonymous_0)
FNF:1
FNH:1
FNDA:3,(anonymous_0)
DA:6,1
DA:7,3
DA:9,3
LF:3
LH:3
BRF:0
BRH:0
end_of_record
TN:
SF:ui-kit\AppLayout\AppLayout.style.ts
FNF:0
FNH:0
DA:3,1
LF:1
LH:1
BRF:0
BRH:0
end_of_record
TN:
SF:ui-kit\AppLevelBox\AppLevelBox.component.tsx
FN:7,(anonymous_0)
FNF:1
FNH:1
FNDA:2,(anonymous_0)
DA:7,1
DA:8,2
DA:10,2
LF:3
LH:3
BRDA:14,0,0,1
BRDA:14,0,1,1
BRDA:25,1,0,1
BRDA:25,1,1,1
BRDA:34,2,0,2
BRDA:34,2,1,1
BRF:6
BRH:6
end_of_record
TN:
SF:ui-kit\AppLevelBox\AppLevelBox.style.ts
FNF:0
FNH:0
DA:3,1
LF:1
LH:1
BRF:0
BRH:0
end_of_record
TN:
SF:ui-kit\AppLevelBox\AppLevelBox.utils.tsx
FNF:0
FNH:0
DA:5,1
LF:1
LH:1
BRF:0
BRH:0
end_of_record
TN:
SF:ui-kit\AppProgressBar\AppProgressBar.component.tsx
FN:6,(anonymous_0)
FNF:1
FNH:1
FNDA:2,(anonymous_0)
DA:6,1
DA:7,2
DA:9,2
LF:3
LH:3
BRF:0
BRH:0
end_of_record
TN:
SF:ui-kit\AppProgressBar\AppProgressBar.style.ts
FNF:0
FNH:0
DA:3,1
LF:1
LH:1
BRF:0
BRH:0
end_of_record
